Info: Generated by version: 25.1 build 129
Info: Starting: Create HDL design files for synthesis
Info: qsys-generate /home/wjdtjarla4/CXL/github_test_code/quartus/shared/260213_1/ia860m_golden_top_bbrev4_260213_restored/qsys/platform.qsys --synthesis=VERILOG --output-directory=/home/wjdtjarla4/CXL/github_test_code/quartus/shared/260213_1/ia860m_golden_top_bbrev4_260213_restored/qsys/platform --family="Agilex 7" --part=AGMF039R47A1E2VC
Progress: Loading qsys/platform.qsys
Progress: Reading input file
Progress: Parameterizing module address_extender_host2noc
Progress: Parameterizing module ccb_pcied2h_to_noc1
Progress: Parameterizing module ccb_pcieh2d_to_noc2
Progress: Parameterizing module ccv_hps_to_noc
Progress: Parameterizing module ddr4
Progress: Parameterizing module hbm
Progress: Parameterizing module hbm_noc_Initiator
Progress: Parameterizing module hps
Progress: Parameterizing module intel_noc_clock_ctrl_0
Progress: Parameterizing module intel_noc_clock_ctrl_1
Progress: Parameterizing module intel_pcie_rtile_mcdma_0
Progress: Parameterizing module noc_ref_clock_in
Progress: Parameterizing module noc_synch_areset_n
Progress: Parameterizing module pcie_ref0_clock_in
Progress: Parameterizing module pcie_ref1_clock_in
Progress: Parameterizing module pcie_reset_out
Progress: Parameterizing module sys_reset_h_in
Progress: Parameterizing module sys_reset_n_in
Progress: Parameterizing module sysclk_in
Progress: Building connections
Progress: Parameterizing connections
Progress: Validating
Progress: Done reading input file
Component Instantiation Warning: platform.hbm: Warnings found in IP parameterization.
Component Instantiation Warning: platform.hbm_noc_Initiator: Warnings found in IP parameterization.
Component Instantiation Warning: platform.hps: Warnings found in IP parameterization.
Warning: platform.intel_pcie_rtile_mcdma_0.p0_d2hdm_master/ccb_pcied2h_to_noc1.s0: Read/Write Responses from intel_pcie_rtile_mcdma_0.p0_d2hdm_master are ignored when connected to Avalon Clock Crossing Bridge Intel FPGA IP
Warning: platform.intel_pcie_rtile_mcdma_0: intel_pcie_rtile_mcdma_0.p0_power_mgnt must be exported, or connected to a matching conduit as it has unconnected inputs.
Warning: platform.intel_pcie_rtile_mcdma_0: intel_pcie_rtile_mcdma_0.p1_power_mgnt must be exported, or connected to a matching conduit as it has unconnected inputs.
Warning: platform.intel_pcie_rtile_mcdma_0.p0_rx_pio_master: intel_pcie_rtile_mcdma_0.p0_rx_pio_master must be connected to a MM agent or exported
Warning: platform.intel_pcie_rtile_mcdma_0.p1_bam_master: intel_pcie_rtile_mcdma_0.p1_bam_master must be connected to a MM agent or exported
Warning: platform: You have exported the interface pcie_reset_out.out_reset but not its associated clock interface.  Export pcie_reset_out.clk
Info: platform: "Transforming system: platform"
Info: Interconnect is inserted between master address_extender_host2noc.expanded_master and slave ccv_hps_to_noc.s0 because the master has burstcount signal 1 bit wide, but the slave is 5 bit wide.
Info: Interconnect is inserted between master hps.h2f_axi_master and slave address_extender_host2noc.windowed_slave because the master is of type axi4 and the slave is of type avalon.
Info: Interconnect is inserted between master ccv_hps_to_noc.m0 and slave hbm_noc_Initiator.s0_axi4 because the master is of type avalon and the slave is of type axi4.
Info: Interconnect is inserted between master ccb_pcied2h_to_noc1.m0 and slave hbm_noc_Initiator.s1_axi4 because the master is of type avalon and the slave is of type axi4.
Info: Interconnect is inserted between master ccb_pcieh2d_to_noc2.m0 and slave hbm_noc_Initiator.s2_axi4 because the master is of type avalon and the slave is of type axi4.
Info: Interconnect is inserted between master intel_pcie_rtile_mcdma_0.p0_d2hdm_master and slave ccb_pcied2h_to_noc1.s0 because the master has burstcount signal 4 bit wide, but the slave is 5 bit wide.
Info: Interconnect is inserted between master intel_pcie_rtile_mcdma_0.p0_d2hdm_master and slave ccb_pcied2h_to_noc1.s0 because the master has byteenable signal 64 bit wide, but the slave is 32 bit wide.
Info: Interconnect is inserted between master intel_pcie_rtile_mcdma_0.p0_d2hdm_master and slave ccb_pcied2h_to_noc1.s0 because the master has readdata signal 512 bit wide, but the slave is 256 bit wide.
Info: Interconnect is inserted between master intel_pcie_rtile_mcdma_0.p0_h2ddm_master and slave ccb_pcieh2d_to_noc2.s0 because the master has burstcount signal 4 bit wide, but the slave is 5 bit wide.
Info: Interconnect is inserted between master intel_pcie_rtile_mcdma_0.p0_h2ddm_master and slave ccb_pcieh2d_to_noc2.s0 because the master has byteenable signal 64 bit wide, but the slave is 32 bit wide.
Info: Interconnect is inserted between master intel_pcie_rtile_mcdma_0.p0_h2ddm_master and slave ccb_pcieh2d_to_noc2.s0 because the master has writedata signal 512 bit wide, but the slave is 256 bit wide.
Info: platform: "Naming system components in system: platform"
Info: platform: "Processing generation queue"
Info: platform: "Generating: platform"
Info: platform: "Generating: platform_address_span_extender_2"
Info: platform: "Generating: platform_mm_ccb_0"
Info: platform: "Generating: platform_mm_ccb_1"
Info: platform: "Generating: ccv_hps_to_noc"
Info: platform: "Generating: platform_emif_io96b_hps_0"
Info: platform: "Generating: platform_hbm_fp_0"
Info: platform: "Generating: platform_intel_noc_initiator_0"
Info: platform: "Generating: platform_intel_agilex_hps_1"
Info: platform: "Generating: platform_intel_noc_clock_ctrl_0"
Info: platform: "Generating: platform_intel_noc_clock_ctrl_1"
Info: platform: "Generating: platform_intel_pcie_rtile_mcdma_0"
Info: platform: "Generating: platform_clock_bridge_1"
Info: platform: "Generating: platform_reset_bridge_4"
Info: platform: "Generating: platform_clock_bridge_0"
Info: platform: "Generating: platform_clock_bridge_2"
Info: platform: "Generating: platform_reset_bridge_0"
Info: platform: "Generating: platform_reset_bridge_1"
Info: platform: "Generating: platform_reset_bridge_2"
Info: platform: "Generating: platform_clock_bridge_5"
Info: platform: "Generating: platform_altera_mm_interconnect_1920_zysovyq"
Info: platform: "Generating: platform_altera_mm_interconnect_1920_aqboqhi"
Info: platform: "Generating: platform_altera_mm_interconnect_1920_q6xqldi"
Info: platform: "Generating: platform_altera_mm_interconnect_1920_fiisdpi"
Info: platform: "Generating: platform_altera_mm_interconnect_1920_zyn4uti"
Info: platform: "Generating: platform_altera_mm_interconnect_1920_gdqr2bq"
Info: platform: "Generating: platform_altera_mm_interconnect_1920_bwaruri"
Info: platform: "Generating: altera_reset_controller"
Info: platform: "Generating: platform_altera_merlin_master_translator_193_lgcew2q"
Info: platform: "Generating: platform_altera_merlin_slave_translator_191_xg7rzxi"
Info: platform: "Generating: platform_altera_merlin_master_agent_1931_7uh3r5q"
Info: platform: "Generating: platform_altera_merlin_slave_agent_1930_jxauz3i"
Info: platform: "Generating: platform_altera_avalon_sc_fifo_1932_22gxxgi"
Info: platform: "Generating: platform_altera_merlin_router_1921_vgn7xay"
Info: platform: "Generating: platform_altera_merlin_router_1921_iuxfu4i"
Info: platform: "Generating: platform_altera_merlin_demultiplexer_1921_2c4zovi"
Info: platform: "Generating: platform_altera_merlin_multiplexer_1922_ulae7ni"
Info: platform: "Generating: platform_altera_merlin_multiplexer_1922_hqrloyi"
Info: platform: "Generating: platform_altera_merlin_axi_translator_1974_xfkiwxi"
Info: platform: "Generating: platform_altera_merlin_axi_master_ni_19100_y3ctica"
Info: platform: "Generating: platform_altera_merlin_router_1921_26jmgka"
Info: platform: "Generating: platform_altera_merlin_router_1921_2tabeni"
Info: platform: "Generating: platform_altera_merlin_burst_adapter_1940_53qflwq"
Info: my_altera_avalon_st_pipeline_stage: "Generating: my_altera_avalon_st_pipeline_stage"
Info: platform: "Generating: platform_altera_merlin_demultiplexer_1921_fbkkaoi"
Info: platform: "Generating: platform_altera_merlin_multiplexer_1922_qhktx4a"
Info: platform: "Generating: platform_altera_merlin_demultiplexer_1921_pmyy4ci"
Info: platform: "Generating: platform_altera_merlin_multiplexer_1922_neblbga"
Info: platform: "Generating: platform_altera_merlin_axi_slave_ni_19112_ejrwosa"
Info: my_altera_avalon_sc_fifo_wr: "Generating: my_altera_avalon_sc_fifo_wr"
Info: my_altera_avalon_sc_fifo_rd: "Generating: my_altera_avalon_sc_fifo_rd"
Info: my_altera_avalon_st_pipeline_stage_rd: "Generating: my_altera_avalon_st_pipeline_stage_rd"
Info: my_altera_avalon_st_pipeline_stage_wr: "Generating: my_altera_avalon_st_pipeline_stage_wr"
Info: my_altera_avalon_st_pipeline_stage_rp: "Generating: my_altera_avalon_st_pipeline_stage_rp"
Info: platform: "Generating: platform_altera_merlin_router_1921_lhlbtty"
Info: platform: "Generating: platform_altera_merlin_router_1921_ywyfo5a"
Info: platform: "Generating: platform_altera_merlin_traffic_limiter_1921_onosgki"
Info: my_altera_avalon_sc_fifo_dest_id_fifo: "Generating: my_altera_avalon_sc_fifo_dest_id_fifo"
Info: platform: "Generating: platform_altera_merlin_demultiplexer_1921_obn5zcy"
Info: platform: "Generating: platform_altera_merlin_multiplexer_1922_u7dtdvy"
Info: platform: "Generating: platform_altera_merlin_demultiplexer_1921_rvggmpi"
Info: platform: "Generating: platform_altera_merlin_multiplexer_1922_5xxd5pq"
Info: platform: "Generating: platform_altera_merlin_width_adapter_1950_h3rxkxi"
Info: platform: "Generating: platform_altera_merlin_width_adapter_1950_5c577ba"
Info: platform: "Generating: platform_altera_merlin_master_agent_1931_szfayly"
Info: platform: "Generating: platform_altera_merlin_axi_slave_ni_19112_i4rjryy"
Info: my_altera_avalon_sc_fifo_wr: "Generating: my_altera_avalon_sc_fifo_wr"
Info: my_altera_avalon_sc_fifo_rd: "Generating: my_altera_avalon_sc_fifo_rd"
Info: my_altera_avalon_st_pipeline_stage_rd: "Generating: my_altera_avalon_st_pipeline_stage_rd"
Info: my_altera_avalon_st_pipeline_stage_wr: "Generating: my_altera_avalon_st_pipeline_stage_wr"
Info: my_altera_avalon_st_pipeline_stage_rp: "Generating: my_altera_avalon_st_pipeline_stage_rp"
Info: platform: "Generating: platform_altera_merlin_router_1921_dnoyury"
Info: platform: "Generating: platform_altera_merlin_router_1921_xf4gcha"
Info: platform: "Generating: platform_altera_merlin_demultiplexer_1921_qfrtsgq"
Info: platform: "Generating: platform_altera_merlin_multiplexer_1922_qocujgq"
Info: platform: "Generating: platform_altera_merlin_demultiplexer_1921_pr2ihla"
Info: platform: "Generating: platform_altera_merlin_multiplexer_1922_zgwex4y"
Info: platform: "Generating: platform_altera_merlin_master_translator_193_j7dnv4i"
Info: platform: "Generating: platform_altera_merlin_master_agent_1931_56t3lmi"
Info: platform: "Generating: platform_altera_merlin_router_1921_cyuw37a"
Info: platform: "Generating: platform_altera_merlin_router_1921_6uweqli"
Info: platform: "Generating: platform_altera_merlin_demultiplexer_1921_msxwozy"
Info: platform: "Generating: platform_altera_merlin_multiplexer_1922_bo7umjy"
Info: platform: "Generating: platform_altera_merlin_multiplexer_1922_svo354y"
Info: platform: "Generating: platform_altera_merlin_width_adapter_1950_cj2jeyy"
Info: platform: "Generating: platform_altera_merlin_width_adapter_1950_iengjdy"
Info: platform: "Generating: altera_merlin_waitrequest_adapter"
Info: platform: "Generating: platform_altera_merlin_master_translator_193_hjlcphy"
Info: platform: "Generating: platform_altera_merlin_router_1921_wpl2koq"
Info: platform: "Generating: platform_altera_merlin_burst_adapter_altera_avalon_st_pipeline_stage_1940_ovrkzwi"
Info: platform: "Generating: platform_altera_merlin_axi_slave_ni_altera_avalon_sc_fifo_19112_fxke7tq"
Info: platform: "Generating: platform_altera_merlin_axi_slave_ni_altera_avalon_sc_fifo_19112_il5iyvy"
Info: platform: "Generating: platform_altera_merlin_axi_slave_ni_altera_avalon_st_pipeline_stage_19112_f7djlja"
Info: platform: "Generating: platform_altera_merlin_axi_slave_ni_altera_avalon_st_pipeline_stage_19112_qzgq26q"
Info: platform: "Generating: platform_altera_merlin_axi_slave_ni_altera_avalon_st_pipeline_stage_19112_4dhp22q"
Info: platform: "Generating: platform_altera_merlin_traffic_limiter_altera_avalon_sc_fifo_1921_of5czui"
Info: platform: "Generating: platform_altera_merlin_axi_slave_ni_altera_avalon_sc_fifo_19112_eeb7mqq"
Info: platform: "Generating: platform_altera_merlin_axi_slave_ni_altera_avalon_sc_fifo_19112_qb7i5yy"
Info: platform: "Generating: platform_altera_merlin_axi_slave_ni_altera_avalon_st_pipeline_stage_19112_f7djlja"
Info: platform: "Generating: platform_altera_merlin_axi_slave_ni_altera_avalon_st_pipeline_stage_19112_qzgq26q"
Info: platform: "Generating: platform_altera_merlin_axi_slave_ni_altera_avalon_st_pipeline_stage_19112_tauj2dy"
Info: platform: "Generating: platform_altera_avalon_st_pipeline_stage_1930_oiupeiq"
Info: platform: Done "platform" with 90 modules, 126 files
Info: Finished: Create HDL design files for synthesis
