Info: Generated by version: 25.1 build 129
Info: Starting: Create HDL design files for synthesis
Info: qsys-generate /home/wjdtjarla4/CXL/github_test_code/quartus/shared/260213_1/ia860m_golden_top_bbrev4_260213_restored/qsys/ip/platform/platform_hbm_fp_0.ip --synthesis=VERILOG --output-directory=/home/wjdtjarla4/CXL/github_test_code/quartus/shared/260213_1/ia860m_golden_top_bbrev4_260213_restored/qsys/ip/platform/platform_hbm_fp_0 --family="Agilex 7" --part=AGMF039R47A1E2VC
Warning: platform_hbm_fp_0.hbm: Timing is currently in a preliminary state. Designs will have to be recompiled in future releases.
Info: platform_hbm_fp_0.hbm: Configuring this IP for device AGMF039R47A1E2VC (Agilex 7). This device has speedgrade 2.
Warning: platform_hbm_fp_0.hbm.uib_pll: Able to implement PLL - Actual VCO frequency differs from requested setting
Info: platform_hbm_fp_0: "Transforming system: platform_hbm_fp_0"
Warning: hbm: Timing is currently in a preliminary state. Designs will have to be recompiled in future releases.
Info: hbm: Configuring this IP for device AGMF039R47A1E2VC (Agilex 7). This device has speedgrade 2.
Warning: hbm.uib_pll: Able to implement PLL - Actual VCO frequency differs from requested setting
Info: platform_hbm_fp_0: "Naming system components in system: platform_hbm_fp_0"
Info: platform_hbm_fp_0: "Processing generation queue"
Info: platform_hbm_fp_0: "Generating: platform_hbm_fp_0"
Info: platform_hbm_fp_0: "Generating: platform_hbm_fp_0_hbm_fp_800_c2vgg2y"
Info: platform_hbm_fp_0: "Generating: platform_hbm_fp_0_hbm_arch_fp_10_n6lpfga"
Info: platform_hbm_fp_0: "Generating: platform_hbm_fp_0_altera_iopll_2000_l6roahy"
Info: platform_hbm_fp_0: "Generating: platform_hbm_fp_0_intel_noc_target_210_tpw3aly"
Info: platform_hbm_fp_0: "Generating: platform_hbm_fp_0_intel_noc_target_210_wd3glki"
Info: platform_hbm_fp_0: "Generating: altera_reset_controller"
Info: platform_hbm_fp_0: Done "platform_hbm_fp_0" with 7 modules, 30 files
Info: Finished: Create HDL design files for synthesis
