Info: Generated by version: 25.1 build 129
Info: Starting: Create HDL design files for synthesis
Info: qsys-generate /tmp/alt0501_3312322345243274946.dir/0014_packageGeneration/ip/platform_emif_io96b_hps_0_emif_io96b_hps_300_2mmae3q/platform_emif_io96b_hps_0_emif_io96b_hps_300_2mmae3q_emif_0_ddr4comp.ip --synthesis=VERILOG --output-directory=/tmp/alt0501_3312322345243274946.dir/0014_packageGeneration/ip/platform_emif_io96b_hps_0_emif_io96b_hps_300_2mmae3q/platform_emif_io96b_hps_0_emif_io96b_hps_300_2mmae3q_emif_0_ddr4comp --family="Agilex 7" --part=AGMF039R47A1E2VC
Info: platform_emif_io96b_hps_0_emif_io96b_hps_300_2mmae3q_emif_0_ddr4comp.emif_0_ddr4comp: Configuring this IP for device AGMF039R47A1E2VC (Agilex 7). This device has speedgrade 2.
Info: platform_emif_io96b_hps_0_emif_io96b_hps_300_2mmae3q_emif_0_ddr4comp: "Transforming system: platform_emif_io96b_hps_0_emif_io96b_hps_300_2mmae3q_emif_0_ddr4comp"
Info: platform_emif_io96b_hps_0_emif_io96b_hps_300_2mmae3q_emif_0_ddr4comp: "Naming system components in system: platform_emif_io96b_hps_0_emif_io96b_hps_300_2mmae3q_emif_0_ddr4comp"
Info: platform_emif_io96b_hps_0_emif_io96b_hps_300_2mmae3q_emif_0_ddr4comp: "Processing generation queue"
Info: platform_emif_io96b_hps_0_emif_io96b_hps_300_2mmae3q_emif_0_ddr4comp: "Generating: platform_emif_io96b_hps_0_emif_io96b_hps_300_2mmae3q_emif_0_ddr4comp"
Info: platform_emif_io96b_hps_0_emif_io96b_hps_300_2mmae3q_emif_0_ddr4comp: "Generating: platform_emif_io96b_hps_0_emif_io96b_hps_300_2mmae3q_emif_0_ddr4comp_emif_io96b_ddr4comp_300_6qkk7yq"
Info: cal_0: "Generating: cal_0"
Info: tniu_0: "Generating: tniu_0"
Info: platform_emif_io96b_hps_0_emif_io96b_hps_300_2mmae3q_emif_0_ddr4comp: "Generating: platform_emif_io96b_hps_0_emif_io96b_hps_300_2mmae3q_emif_0_ddr4comp_emif_io96b_ddr4comp_emif_io96b_cal_300_fhai33y"
Info: platform_emif_io96b_hps_0_emif_io96b_hps_300_2mmae3q_emif_0_ddr4comp: "Generating: platform_emif_io96b_hps_0_emif_io96b_hps_300_2mmae3q_emif_0_ddr4comp_emif_io96b_ddr4comp_intel_noc_target_300_rnk7l6i"
Info: platform_emif_io96b_hps_0_emif_io96b_hps_300_2mmae3q_emif_0_ddr4comp: "Generating: platform_emif_io96b_hps_0_emif_io96b_hps_300_2mmae3q_emif_0_ddr4comp_emif_io96b_cal_210_su4t3my"
Info: jamb: "Generating: jamb"
Info: tniu: "Generating: tniu"
Info: platform_emif_io96b_hps_0_emif_io96b_hps_300_2mmae3q_emif_0_ddr4comp: "Generating: platform_emif_io96b_hps_0_emif_io96b_hps_300_2mmae3q_emif_0_ddr4comp_intel_noc_target_210_hubzqoq"
Info: platform_emif_io96b_hps_0_emif_io96b_hps_300_2mmae3q_emif_0_ddr4comp: "Generating: platform_emif_io96b_hps_0_emif_io96b_hps_300_2mmae3q_emif_0_ddr4comp_emif_io96b_cal_alt_mem_if_jtag_master_210_h4mpocy"
Info: platform_emif_io96b_hps_0_emif_io96b_hps_300_2mmae3q_emif_0_ddr4comp: "Generating: platform_emif_io96b_hps_0_emif_io96b_hps_300_2mmae3q_emif_0_ddr4comp_emif_io96b_cal_intel_noc_target_210_7v5e3qy"
Info: platform_emif_io96b_hps_0_emif_io96b_hps_300_2mmae3q_emif_0_ddr4comp: "Generating: platform_emif_io96b_hps_0_emif_io96b_hps_300_2mmae3q_emif_0_ddr4comp_alt_mem_if_jtag_master_191_2xbfrbi"
Info: platform_emif_io96b_hps_0_emif_io96b_hps_300_2mmae3q_emif_0_ddr4comp: "Generating: platform_emif_io96b_hps_0_emif_io96b_hps_300_2mmae3q_emif_0_ddr4comp_intel_noc_target_210_dahi33y"
Info: platform_emif_io96b_hps_0_emif_io96b_hps_300_2mmae3q_emif_0_ddr4comp: "Generating: altera_avalon_st_jtag_interface"
Info: platform_emif_io96b_hps_0_emif_io96b_hps_300_2mmae3q_emif_0_ddr4comp: "Generating: platform_emif_io96b_hps_0_emif_io96b_hps_300_2mmae3q_emif_0_ddr4comp_timing_adapter_1950_bbjt6kq"
Info: platform_emif_io96b_hps_0_emif_io96b_hps_300_2mmae3q_emif_0_ddr4comp: "Generating: platform_emif_io96b_hps_0_emif_io96b_hps_300_2mmae3q_emif_0_ddr4comp_altera_avalon_sc_fifo_1932_onpcouq"
Info: platform_emif_io96b_hps_0_emif_io96b_hps_300_2mmae3q_emif_0_ddr4comp: "Generating: altera_avalon_st_bytes_to_packets"
Info: platform_emif_io96b_hps_0_emif_io96b_hps_300_2mmae3q_emif_0_ddr4comp: "Generating: altera_avalon_st_packets_to_bytes"
Info: platform_emif_io96b_hps_0_emif_io96b_hps_300_2mmae3q_emif_0_ddr4comp: "Generating: altera_avalon_packets_to_master"
Info: platform_emif_io96b_hps_0_emif_io96b_hps_300_2mmae3q_emif_0_ddr4comp: "Generating: platform_emif_io96b_hps_0_emif_io96b_hps_300_2mmae3q_emif_0_ddr4comp_channel_adapter_1922_rd56ufy"
Info: platform_emif_io96b_hps_0_emif_io96b_hps_300_2mmae3q_emif_0_ddr4comp: "Generating: platform_emif_io96b_hps_0_emif_io96b_hps_300_2mmae3q_emif_0_ddr4comp_channel_adapter_1922_5vp3d5a"
Info: platform_emif_io96b_hps_0_emif_io96b_hps_300_2mmae3q_emif_0_ddr4comp: "Generating: altera_reset_controller"
Info: platform_emif_io96b_hps_0_emif_io96b_hps_300_2mmae3q_emif_0_ddr4comp: Done "platform_emif_io96b_hps_0_emif_io96b_hps_300_2mmae3q_emif_0_ddr4comp" with 19 modules, 166 files
Info: Finished: Create HDL design files for synthesis
