Info: Generated by version: 25.1 build 129
Info: Starting: Create HDL design files for synthesis
Info: qsys-generate /tmp/alt0501_3312322345243274946.dir/0014_packageGeneration/platform_emif_io96b_hps_0_emif_io96b_hps_300_2mmae3q.qsys --synthesis=VERILOG --output-directory=/tmp/alt0501_3312322345243274946.dir/0014_packageGeneration/platform_emif_io96b_hps_0_emif_io96b_hps_300_2mmae3q --family="Agilex 7" --part=AGMF039R47A1E2VC
Progress: Loading 0014_packageGeneration/platform_emif_io96b_hps_0_emif_io96b_hps_300_2mmae3q.qsys
Progress: Reading input file
Progress: Parameterizing module emif_0_ddr4comp
Progress: Parameterizing module emif_0_ddr5comp
Progress: Parameterizing module emif_0_ddr5dimm
Progress: Parameterizing module emif_0_lpddr4
Progress: Parameterizing module emif_0_lpddr5
Progress: Parameterizing module emif_1_ddr4comp
Progress: Parameterizing module emif_1_ddr5comp
Progress: Parameterizing module emif_1_ddr5dimm
Progress: Parameterizing module emif_1_lpddr4
Progress: Parameterizing module emif_1_lpddr5
Progress: Parameterizing module refclk_bridge
Progress: Parameterizing module refclk_gpio
Progress: Building connections
Progress: Parameterizing connections
Progress: Validating
Progress: Done reading input file
Info: platform_emif_io96b_hps_0_emif_io96b_hps_300_2mmae3q: "Transforming system: platform_emif_io96b_hps_0_emif_io96b_hps_300_2mmae3q"
Info: platform_emif_io96b_hps_0_emif_io96b_hps_300_2mmae3q: "Naming system components in system: platform_emif_io96b_hps_0_emif_io96b_hps_300_2mmae3q"
Info: platform_emif_io96b_hps_0_emif_io96b_hps_300_2mmae3q: "Processing generation queue"
Info: platform_emif_io96b_hps_0_emif_io96b_hps_300_2mmae3q: "Generating: platform_emif_io96b_hps_0_emif_io96b_hps_300_2mmae3q"
Info: platform_emif_io96b_hps_0_emif_io96b_hps_300_2mmae3q: "Generating: platform_emif_io96b_hps_0_emif_io96b_hps_300_2mmae3q_emif_0_ddr4comp"
Info: platform_emif_io96b_hps_0_emif_io96b_hps_300_2mmae3q: "Generating: platform_emif_io96b_hps_0_emif_io96b_hps_300_2mmae3q_refclk_bridge"
Info: platform_emif_io96b_hps_0_emif_io96b_hps_300_2mmae3q: "Generating: platform_emif_io96b_hps_0_emif_io96b_hps_300_2mmae3q_refclk_gpio"
Info: platform_emif_io96b_hps_0_emif_io96b_hps_300_2mmae3q: Done "platform_emif_io96b_hps_0_emif_io96b_hps_300_2mmae3q" with 4 modules, 1 files
Info: Finished: Create HDL design files for synthesis
