Info: Generated by version: 25.1 build 129
Info: Starting: Create simulation model
Info: qsys-generate /home/99june18/CXL_MemoryCoherency/quartus/shared/260204/ia860m_golden_top_bbrev4_260204_ver01_restored/qsys/ip/platform/platform_intel_rtile_pcie_ast_0.ip --simulation=VERILOG --allow-mixed-language-simulation --output-directory=/home/99june18/CXL_MemoryCoherency/quartus/shared/260204/ia860m_golden_top_bbrev4_260204_ver01_restored/qsys/ip/platform/platform_intel_rtile_pcie_ast_0 --family="Agilex 7" --part=AGMF039R47A1E2VC
Info: platform_intel_rtile_pcie_ast_0.intel_rtile_pcie_ast_0: One x16 PCIe ports will be instantiated.
Info: platform_intel_rtile_pcie_ast_0.intel_rtile_pcie_ast_0: PCIe0 pf0 IDs: Vendor ID set to 0x1172. Please set proper value according to user application.
Info: platform_intel_rtile_pcie_ast_0.intel_rtile_pcie_ast_0: PCIe0 pf0 IDs: Device ID set to 0x0. Please set proper value according to user application.
Info: platform_intel_rtile_pcie_ast_0.intel_rtile_pcie_ast_0: PCIe0 pf0 IDs: Revision ID set to 0x1. Please set proper value according to user application.
Info: platform_intel_rtile_pcie_ast_0.intel_rtile_pcie_ast_0: PCIe0 pf0 IDs: Class code set to 0xff0000. Please set proper value according to user application.
Info: intel_rtile_pcie_ast_0.s10_configuration_clock_0: You are currently using Agilex 7 with device speedgrade: 
Info: platform_intel_rtile_pcie_ast_0: "Transforming system: platform_intel_rtile_pcie_ast_0"
Info: platform_intel_rtile_pcie_ast_0: "Naming system components in system: platform_intel_rtile_pcie_ast_0"
Info: platform_intel_rtile_pcie_ast_0: "Processing generation queue"
Info: platform_intel_rtile_pcie_ast_0: "Generating: platform_intel_rtile_pcie_ast_0"
Info: platform_intel_rtile_pcie_ast_0: "Generating: platform_intel_rtile_pcie_ast_0_intel_rtile_pcie_ast_1160_tmhwjla"
Info: intel_rtile_pcie_ast_0: One x16 PCIe ports will be instantiated.
Info: intel_rtile_pcie_ast_0: PCIe0 pf0 IDs: Vendor ID set to 0x1172. Please set proper value according to user application.
Info: intel_rtile_pcie_ast_0: PCIe0 pf0 IDs: Device ID set to 0x0. Please set proper value according to user application.
Info: intel_rtile_pcie_ast_0: PCIe0 pf0 IDs: Revision ID set to 0x1. Please set proper value according to user application.
Info: intel_rtile_pcie_ast_0: PCIe0 pf0 IDs: Class code set to 0xff0000. Please set proper value according to user application.
Info: intel_rtile_pcie_ast_0: PCIe2 pf0 IDs: Vendor ID set to 0x1172. Please set proper value according to user application.
Info: intel_rtile_pcie_ast_0: PCIe2 pf0 IDs: Device ID set to 0x0. Please set proper value according to user application.
Info: intel_rtile_pcie_ast_0: PCIe2 pf0 IDs: Revision ID set to 0x1. Please set proper value according to user application.
Info: intel_rtile_pcie_ast_0: PCIe2 pf0 IDs: Class code set to 0xff0000. Please set proper value according to user application.
Info: intel_rtile_pcie_ast_0: PCIe3 pf0 IDs: Vendor ID set to 0x1172. Please set proper value according to user application.
Info: intel_rtile_pcie_ast_0: PCIe3 pf0 IDs: Device ID set to 0x0. Please set proper value according to user application.
Info: intel_rtile_pcie_ast_0: PCIe3 pf0 IDs: Revision ID set to 0x1. Please set proper value according to user application.
Info: intel_rtile_pcie_ast_0: PCIe3 pf0 IDs: Class code set to 0xff0000. Please set proper value according to user application.
Info: intel_rtile_pcie_ast_0: One x16 PCIe ports will be instantiated.
Info: intel_rtile_pcie_ast_0: PCIe0 pf0 IDs: Vendor ID set to 0x1172. Please set proper value according to user application.
Info: intel_rtile_pcie_ast_0: PCIe0 pf0 IDs: Device ID set to 0x0. Please set proper value according to user application.
Info: intel_rtile_pcie_ast_0: PCIe0 pf0 IDs: Revision ID set to 0x1. Please set proper value according to user application.
Info: intel_rtile_pcie_ast_0: PCIe0 pf0 IDs: Class code set to 0xff0000. Please set proper value according to user application.
Info: intel_rtile_pcie_ast_0: PCIe2 pf0 IDs: Vendor ID set to 0x1172. Please set proper value according to user application.
Info: intel_rtile_pcie_ast_0: PCIe2 pf0 IDs: Device ID set to 0x0. Please set proper value according to user application.
Info: intel_rtile_pcie_ast_0: PCIe2 pf0 IDs: Revision ID set to 0x1. Please set proper value according to user application.
Info: intel_rtile_pcie_ast_0: PCIe2 pf0 IDs: Class code set to 0xff0000. Please set proper value according to user application.
Info: intel_rtile_pcie_ast_0: PCIe3 pf0 IDs: Vendor ID set to 0x1172. Please set proper value according to user application.
Info: intel_rtile_pcie_ast_0: PCIe3 pf0 IDs: Device ID set to 0x0. Please set proper value according to user application.
Info: intel_rtile_pcie_ast_0: PCIe3 pf0 IDs: Revision ID set to 0x1. Please set proper value according to user application.
Info: intel_rtile_pcie_ast_0: PCIe3 pf0 IDs: Class code set to 0xff0000. Please set proper value according to user application.
Info: intel_rtile_pcie_ast_0: Generating fully constrained parameters
Info: s10_configuration_clock_0: "Generating: s10_configuration_clock_0"
Info: platform_intel_rtile_pcie_ast_0: "Generating: s10_configuration_clock_0"
Info: platform_intel_rtile_pcie_ast_0: "Generating: altera_s10_configuration_clock"
Info: platform_intel_rtile_pcie_ast_0: Done "platform_intel_rtile_pcie_ast_0" with 4 modules, 162 files
Info: Generating the following file(s) for XCELIUM simulator in /home/99june18/CXL_MemoryCoherency/quartus/shared/260204/ia860m_golden_top_bbrev4_260204_ver01_restored/qsys/ip/platform/platform_intel_rtile_pcie_ast_0/sim/ directory:
Info: 	common/xcelium_files.tcl
Info: Generating the following file(s) for MODELSIM simulator in /home/99june18/CXL_MemoryCoherency/quartus/shared/260204/ia860m_golden_top_bbrev4_260204_ver01_restored/qsys/ip/platform/platform_intel_rtile_pcie_ast_0/sim/ directory:
Info: 	common/modelsim_files.tcl
Info: Generating the following file(s) for VCSMX simulator in /home/99june18/CXL_MemoryCoherency/quartus/shared/260204/ia860m_golden_top_bbrev4_260204_ver01_restored/qsys/ip/platform/platform_intel_rtile_pcie_ast_0/sim/ directory:
Info: 	common/vcsmx_files.tcl
Info: Generating the following file(s) for VCS simulator in /home/99june18/CXL_MemoryCoherency/quartus/shared/260204/ia860m_golden_top_bbrev4_260204_ver01_restored/qsys/ip/platform/platform_intel_rtile_pcie_ast_0/sim/ directory:
Info: 	common/vcs_files.tcl
Info: Generating the following file(s) for RIVIERA simulator in /home/99june18/CXL_MemoryCoherency/quartus/shared/260204/ia860m_golden_top_bbrev4_260204_ver01_restored/qsys/ip/platform/platform_intel_rtile_pcie_ast_0/sim/ directory:
Info: 	common/riviera_files.tcl
Info: For information on how to simulate your IP, see the explanatory comments in the simulator-specific subdirectories under /home/99june18/CXL_MemoryCoherency/quartus/shared/260204/ia860m_golden_top_bbrev4_260204_ver01_restored/qsys/ip/platform/platform_intel_rtile_pcie_ast_0/sim/.
Info: Regenerate these scripts whenever you make any change to any Quartus-generated IP in your project.
Info: Finished: Create simulation model
Info: Starting: Create simulation script
Info: sim-script-gen --system-file=/home/99june18/CXL_MemoryCoherency/quartus/shared/260204/ia860m_golden_top_bbrev4_260204_ver01_restored/qsys/ip/platform/platform_intel_rtile_pcie_ast_0.ip --output-directory=/home/99june18/CXL_MemoryCoherency/quartus/shared/260204/ia860m_golden_top_bbrev4_260204_ver01_restored/qsys/ip/platform/platform_intel_rtile_pcie_ast_0/sim/ --use-relative-paths=true
Info: Generating the following file(s) for XCELIUM simulator in /home/99june18/CXL_MemoryCoherency/quartus/shared/260204/ia860m_golden_top_bbrev4_260204_ver01_restored/qsys/ip/platform/platform_intel_rtile_pcie_ast_0/sim/ directory:
Info: 	xcelium/cds.lib
Info: 	xcelium/hdl.var
Info: 	xcelium/xcelium_setup.sh
Info: 	4 .cds.lib files in xcelium/cds_libs/ directory
Info: Generating the following file(s) for MODELSIM simulator in /home/99june18/CXL_MemoryCoherency/quartus/shared/260204/ia860m_golden_top_bbrev4_260204_ver01_restored/qsys/ip/platform/platform_intel_rtile_pcie_ast_0/sim/ directory:
Info: 	mentor/msim_setup.tcl
Info: 	mentor/run_msim_setup.tcl
Info: Generating the following file(s) for VCSMX simulator in /home/99june18/CXL_MemoryCoherency/quartus/shared/260204/ia860m_golden_top_bbrev4_260204_ver01_restored/qsys/ip/platform/platform_intel_rtile_pcie_ast_0/sim/ directory:
Info: 	synopsys/vcsmx/_device_synopsys_sim.setup
Info: 	synopsys/vcsmx/synopsys_sim.setup
Info: 	synopsys/vcsmx/vcsmx_setup.sh
Info: Generating the following file(s) for VCS simulator in /home/99june18/CXL_MemoryCoherency/quartus/shared/260204/ia860m_golden_top_bbrev4_260204_ver01_restored/qsys/ip/platform/platform_intel_rtile_pcie_ast_0/sim/ directory:
Info: 	synopsys/vcs/vcs_setup.sh
Info: Generating the following file(s) for RIVIERA simulator in /home/99june18/CXL_MemoryCoherency/quartus/shared/260204/ia860m_golden_top_bbrev4_260204_ver01_restored/qsys/ip/platform/platform_intel_rtile_pcie_ast_0/sim/ directory:
Info: 	aldec/rivierapro_setup.tcl
Info: 	aldec/run_rivierapro_setup.tcl
Info: For information on how to simulate your IP, see the explanatory comments in the simulator-specific subdirectories under /home/99june18/CXL_MemoryCoherency/quartus/shared/260204/ia860m_golden_top_bbrev4_260204_ver01_restored/qsys/ip/platform/platform_intel_rtile_pcie_ast_0/sim/.
Info: Regenerate these scripts whenever you make any change to any Quartus-generated IP in your project.
Info: Finished: Create simulation script
Info: Starting: Create block symbol file (.bsf)
Info: qsys-generate /home/99june18/CXL_MemoryCoherency/quartus/shared/260204/ia860m_golden_top_bbrev4_260204_ver01_restored/qsys/ip/platform/platform_intel_rtile_pcie_ast_0.ip --block-symbol-file --output-directory=/home/99june18/CXL_MemoryCoherency/quartus/shared/260204/ia860m_golden_top_bbrev4_260204_ver01_restored/qsys/ip/platform/platform_intel_rtile_pcie_ast_0 --family="Agilex 7" --part=AGMF039R47A1E2VC
Info: platform_intel_rtile_pcie_ast_0.intel_rtile_pcie_ast_0: One x16 PCIe ports will be instantiated.
Info: platform_intel_rtile_pcie_ast_0.intel_rtile_pcie_ast_0: PCIe0 pf0 IDs: Vendor ID set to 0x1172. Please set proper value according to user application.
Info: platform_intel_rtile_pcie_ast_0.intel_rtile_pcie_ast_0: PCIe0 pf0 IDs: Device ID set to 0x0. Please set proper value according to user application.
Info: platform_intel_rtile_pcie_ast_0.intel_rtile_pcie_ast_0: PCIe0 pf0 IDs: Revision ID set to 0x1. Please set proper value according to user application.
Info: platform_intel_rtile_pcie_ast_0.intel_rtile_pcie_ast_0: PCIe0 pf0 IDs: Class code set to 0xff0000. Please set proper value according to user application.
Info: Finished: Create block symbol file (.bsf)
Info: 
Info: Starting: Create HDL design files for synthesis
Info: qsys-generate /home/99june18/CXL_MemoryCoherency/quartus/shared/260204/ia860m_golden_top_bbrev4_260204_ver01_restored/qsys/ip/platform/platform_intel_rtile_pcie_ast_0.ip --synthesis=VERILOG --output-directory=/home/99june18/CXL_MemoryCoherency/quartus/shared/260204/ia860m_golden_top_bbrev4_260204_ver01_restored/qsys/ip/platform/platform_intel_rtile_pcie_ast_0 --family="Agilex 7" --part=AGMF039R47A1E2VC
Info: platform_intel_rtile_pcie_ast_0.intel_rtile_pcie_ast_0: One x16 PCIe ports will be instantiated.
Info: platform_intel_rtile_pcie_ast_0.intel_rtile_pcie_ast_0: PCIe0 pf0 IDs: Vendor ID set to 0x1172. Please set proper value according to user application.
Info: platform_intel_rtile_pcie_ast_0.intel_rtile_pcie_ast_0: PCIe0 pf0 IDs: Device ID set to 0x0. Please set proper value according to user application.
Info: platform_intel_rtile_pcie_ast_0.intel_rtile_pcie_ast_0: PCIe0 pf0 IDs: Revision ID set to 0x1. Please set proper value according to user application.
Info: platform_intel_rtile_pcie_ast_0.intel_rtile_pcie_ast_0: PCIe0 pf0 IDs: Class code set to 0xff0000. Please set proper value according to user application.
Info: intel_rtile_pcie_ast_0.s10_configuration_clock_0: You are currently using Agilex 7 with device speedgrade: 
Info: platform_intel_rtile_pcie_ast_0: "Transforming system: platform_intel_rtile_pcie_ast_0"
Info: platform_intel_rtile_pcie_ast_0: "Naming system components in system: platform_intel_rtile_pcie_ast_0"
Info: platform_intel_rtile_pcie_ast_0: "Processing generation queue"
Info: platform_intel_rtile_pcie_ast_0: "Generating: platform_intel_rtile_pcie_ast_0"
Info: platform_intel_rtile_pcie_ast_0: "Generating: platform_intel_rtile_pcie_ast_0_intel_rtile_pcie_ast_1160_tmhwjla"
Info: intel_rtile_pcie_ast_0: One x16 PCIe ports will be instantiated.
Info: intel_rtile_pcie_ast_0: PCIe0 pf0 IDs: Vendor ID set to 0x1172. Please set proper value according to user application.
Info: intel_rtile_pcie_ast_0: PCIe0 pf0 IDs: Device ID set to 0x0. Please set proper value according to user application.
Info: intel_rtile_pcie_ast_0: PCIe0 pf0 IDs: Revision ID set to 0x1. Please set proper value according to user application.
Info: intel_rtile_pcie_ast_0: PCIe0 pf0 IDs: Class code set to 0xff0000. Please set proper value according to user application.
Info: intel_rtile_pcie_ast_0: PCIe2 pf0 IDs: Vendor ID set to 0x1172. Please set proper value according to user application.
Info: intel_rtile_pcie_ast_0: PCIe2 pf0 IDs: Device ID set to 0x0. Please set proper value according to user application.
Info: intel_rtile_pcie_ast_0: PCIe2 pf0 IDs: Revision ID set to 0x1. Please set proper value according to user application.
Info: intel_rtile_pcie_ast_0: PCIe2 pf0 IDs: Class code set to 0xff0000. Please set proper value according to user application.
Info: intel_rtile_pcie_ast_0: PCIe3 pf0 IDs: Vendor ID set to 0x1172. Please set proper value according to user application.
Info: intel_rtile_pcie_ast_0: PCIe3 pf0 IDs: Device ID set to 0x0. Please set proper value according to user application.
Info: intel_rtile_pcie_ast_0: PCIe3 pf0 IDs: Revision ID set to 0x1. Please set proper value according to user application.
Info: intel_rtile_pcie_ast_0: PCIe3 pf0 IDs: Class code set to 0xff0000. Please set proper value according to user application.
Info: intel_rtile_pcie_ast_0: One x16 PCIe ports will be instantiated.
Info: intel_rtile_pcie_ast_0: PCIe0 pf0 IDs: Vendor ID set to 0x1172. Please set proper value according to user application.
Info: intel_rtile_pcie_ast_0: PCIe0 pf0 IDs: Device ID set to 0x0. Please set proper value according to user application.
Info: intel_rtile_pcie_ast_0: PCIe0 pf0 IDs: Revision ID set to 0x1. Please set proper value according to user application.
Info: intel_rtile_pcie_ast_0: PCIe0 pf0 IDs: Class code set to 0xff0000. Please set proper value according to user application.
Info: intel_rtile_pcie_ast_0: PCIe2 pf0 IDs: Vendor ID set to 0x1172. Please set proper value according to user application.
Info: intel_rtile_pcie_ast_0: PCIe2 pf0 IDs: Device ID set to 0x0. Please set proper value according to user application.
Info: intel_rtile_pcie_ast_0: PCIe2 pf0 IDs: Revision ID set to 0x1. Please set proper value according to user application.
Info: intel_rtile_pcie_ast_0: PCIe2 pf0 IDs: Class code set to 0xff0000. Please set proper value according to user application.
Info: intel_rtile_pcie_ast_0: PCIe3 pf0 IDs: Vendor ID set to 0x1172. Please set proper value according to user application.
Info: intel_rtile_pcie_ast_0: PCIe3 pf0 IDs: Device ID set to 0x0. Please set proper value according to user application.
Info: intel_rtile_pcie_ast_0: PCIe3 pf0 IDs: Revision ID set to 0x1. Please set proper value according to user application.
Info: intel_rtile_pcie_ast_0: PCIe3 pf0 IDs: Class code set to 0xff0000. Please set proper value according to user application.
Info: intel_rtile_pcie_ast_0: pld_clkfreq_hwtcl value is 500
Info: s10_configuration_clock_0: "Generating: s10_configuration_clock_0"
Info: platform_intel_rtile_pcie_ast_0: "Generating: s10_configuration_clock_0"
Info: platform_intel_rtile_pcie_ast_0: "Generating: altera_s10_configuration_clock"
Info: s10_configuration_clock_0: Generating top-level entity altera_s10_configuration_clock.
Info: platform_intel_rtile_pcie_ast_0: Done "platform_intel_rtile_pcie_ast_0" with 4 modules, 161 files
Info: Finished: Create HDL design files for synthesis
