Info: Generated by version: 25.1 build 129
Info: Starting: Create HDL design files for synthesis
Info: qsys-generate /home/99june18/CXL_MemoryCoherency/quartus/shared/260213/ia860m_golden_top_bbrev4_25_1_0_0213_restored/qsys/ip/platform/platform_intel_agilex_hps_1.ip --synthesis=VERILOG --output-directory=/home/99june18/CXL_MemoryCoherency/quartus/shared/260213/ia860m_golden_top_bbrev4_25_1_0_0213_restored/qsys/ip/platform/platform_intel_agilex_hps_1 --family="Agilex 7" --part=AGMF039R47A1E2VC
Info: platform_intel_agilex_hps_1.hps: If EMIF is configured to have two NoC subordinates targeting less than 4 GB of DRAM, dual-channel configuration should be used.
Warning: platform_intel_agilex_hps_1.hps.bridges.axi_h2f: axi_h2f must be connected to a MM host or exported
Warning: platform_intel_agilex_hps_1.hps.bridges.axi_h2f_lw: axi_h2f_lw must be connected to a MM host or exported
Warning: platform_intel_agilex_hps_1.hps.bridges.axi_f2h: axi_f2h must be connected to a MM agent or exported
Info: platform_intel_agilex_hps_1: "Transforming system: platform_intel_agilex_hps_1"
Info: hps: If EMIF is configured to have two NoC subordinates targeting less than 4 GB of DRAM, dual-channel configuration should be used.
Warning: hps.fpga_interfaces.h2n_csr_axi_rst: Associated reset sinks not declared
Warning: hps.fpga_interfaces.h2n_ch0_axi_rst: Associated reset sinks not declared
Info: platform_intel_agilex_hps_1: "Naming system components in system: platform_intel_agilex_hps_1"
Info: platform_intel_agilex_hps_1: "Processing generation queue"
Info: platform_intel_agilex_hps_1: "Generating: platform_intel_agilex_hps_1"
Info: platform_intel_agilex_hps_1: "Generating: platform_intel_agilex_hps_1_intel_agilex_hps_2400_tvjph2i"
Info: platform_intel_agilex_hps_1: "Generating: platform_intel_agilex_hps_1_intel_agilex_interface_generator_191_hs5fb7a"
Info: fpga_interfaces: hps_ip_handoff_option_dump setting disabled
Info: platform_intel_agilex_hps_1: "Generating: platform_intel_agilex_hps_1_intel_noc_internal_initiator_220_n3ibiji"
Info: platform_intel_agilex_hps_1: "Generating: platform_intel_agilex_hps_1_intel_noc_internal_initiator_220_w55vfqi"
Info: platform_intel_agilex_hps_1: "Generating: platform_intel_agilex_hps_1_altera_mm_interconnect_1920_igmgffi"
Info: platform_intel_agilex_hps_1: "Generating: platform_intel_agilex_hps_1_altera_merlin_axi_translator_1974_xfkiwxi"
Info: platform_intel_agilex_hps_1: Done "platform_intel_agilex_hps_1" with 7 modules, 39 files
Info: Finished: Create HDL design files for synthesis
