Info: Generated by version: 25.1 build 129
Info: Starting: Create HDL design files for synthesis
Info: qsys-generate /home/99june18/CXL_MemoryCoherency/quartus/shared/260213/ia860m_golden_top_bbrev4_25_1_0_0213_restored/qsys/ip/platform/platform_intel_pcie_rtile_mcdma_0.ip --synthesis=VERILOG --output-directory=/home/99june18/CXL_MemoryCoherency/quartus/shared/260213/ia860m_golden_top_bbrev4_25_1_0_0213_restored/qsys/ip/platform/platform_intel_pcie_rtile_mcdma_0 --family="Agilex 7" --part=AGMF039R47A1E2VC
Info: platform_intel_pcie_rtile_mcdma_0.intel_pcie_rtile_mcdma_0: Two x8 PCIe ports will be instantiated.
Info: platform_intel_pcie_rtile_mcdma_0.intel_pcie_rtile_mcdma_0: PCIe0 pf0 IDs: Vendor ID set to 0x12ba. Please set proper value according to user application.
Info: platform_intel_pcie_rtile_mcdma_0.intel_pcie_rtile_mcdma_0: PCIe0 pf0 IDs: Device ID set to 0x76. Please set proper value according to user application.
Info: platform_intel_pcie_rtile_mcdma_0.intel_pcie_rtile_mcdma_0: PCIe0 pf0 IDs: Revision ID set to 0x1. Please set proper value according to user application.
Info: platform_intel_pcie_rtile_mcdma_0.intel_pcie_rtile_mcdma_0: PCIe0 pf0 IDs: Class code set to 0x120000. Please set proper value according to user application.
Info: platform_intel_pcie_rtile_mcdma_0.intel_pcie_rtile_mcdma_0: Two x8 PCIe ports will be instantiated.
Info: platform_intel_pcie_rtile_mcdma_0.intel_pcie_rtile_mcdma_0: PCIe1 pf0 IDs: Vendor ID set to 0x1172. Please set proper value according to user application.
Info: platform_intel_pcie_rtile_mcdma_0.intel_pcie_rtile_mcdma_0: PCIe1 pf0 IDs: Device ID set to 0x0. Please set proper value according to user application.
Info: platform_intel_pcie_rtile_mcdma_0.intel_pcie_rtile_mcdma_0: PCIe1 pf0 IDs: Revision ID set to 0x1. Please set proper value according to user application.
Info: platform_intel_pcie_rtile_mcdma_0.intel_pcie_rtile_mcdma_0: PCIe1 pf0 IDs: Class code set to 0xff0000. Please set proper value according to user application.
Info: platform_intel_pcie_rtile_mcdma_0.intel_pcie_rtile_mcdma_0: Two x8 PCIe ports will be instantiated.
Info: platform_intel_pcie_rtile_mcdma_0.intel_pcie_rtile_mcdma_0: PCIe0 pf0 IDs: Vendor ID set to 0x12ba. Please set proper value according to user application.
Info: platform_intel_pcie_rtile_mcdma_0.intel_pcie_rtile_mcdma_0: PCIe0 pf0 IDs: Device ID set to 0x76. Please set proper value according to user application.
Info: platform_intel_pcie_rtile_mcdma_0.intel_pcie_rtile_mcdma_0: PCIe0 pf0 IDs: Revision ID set to 0x1. Please set proper value according to user application.
Info: platform_intel_pcie_rtile_mcdma_0.intel_pcie_rtile_mcdma_0: PCIe0 pf0 IDs: Class code set to 0x120000. Please set proper value according to user application.
Info: platform_intel_pcie_rtile_mcdma_0.intel_pcie_rtile_mcdma_0: Two x8 PCIe ports will be instantiated.
Info: platform_intel_pcie_rtile_mcdma_0.intel_pcie_rtile_mcdma_0: PCIe1 pf0 IDs: Vendor ID set to 0x1172. Please set proper value according to user application.
Info: platform_intel_pcie_rtile_mcdma_0.intel_pcie_rtile_mcdma_0: PCIe1 pf0 IDs: Device ID set to 0x0. Please set proper value according to user application.
Info: platform_intel_pcie_rtile_mcdma_0.intel_pcie_rtile_mcdma_0: PCIe1 pf0 IDs: Revision ID set to 0x1. Please set proper value according to user application.
Info: platform_intel_pcie_rtile_mcdma_0.intel_pcie_rtile_mcdma_0: PCIe1 pf0 IDs: Class code set to 0xff0000. Please set proper value according to user application.
Info: intel_pcie_rtile_mcdma_0.intel_pcie_rtile_ast_hip: Two x8 PCIe ports will be instantiated.
Info: intel_pcie_rtile_mcdma_0.intel_pcie_rtile_ast_hip: PCIe0 pf0 IDs: Vendor ID set to 0x12ba. Please set proper value according to user application.
Info: intel_pcie_rtile_mcdma_0.intel_pcie_rtile_ast_hip: PCIe0 pf0 IDs: Device ID set to 0x76. Please set proper value according to user application.
Info: intel_pcie_rtile_mcdma_0.intel_pcie_rtile_ast_hip: PCIe0 pf0 IDs: Revision ID set to 0x1. Please set proper value according to user application.
Info: intel_pcie_rtile_mcdma_0.intel_pcie_rtile_ast_hip: PCIe0 pf0 IDs: Class code set to 0x120000. Please set proper value according to user application.
Info: intel_pcie_rtile_mcdma_0.intel_pcie_rtile_ast_hip: Two x8 PCIe ports will be instantiated.
Info: intel_pcie_rtile_mcdma_0.intel_pcie_rtile_ast_hip: PCIe1 pf0 IDs: Vendor ID set to 0x1172. Please set proper value according to user application.
Info: intel_pcie_rtile_mcdma_0.intel_pcie_rtile_ast_hip: PCIe1 pf0 IDs: Device ID set to 0x0. Please set proper value according to user application.
Info: intel_pcie_rtile_mcdma_0.intel_pcie_rtile_ast_hip: PCIe1 pf0 IDs: Revision ID set to 0x1. Please set proper value according to user application.
Info: intel_pcie_rtile_mcdma_0.intel_pcie_rtile_ast_hip: PCIe1 pf0 IDs: Class code set to 0xff0000. Please set proper value according to user application.
Info: intel_pcie_rtile_mcdma_0.intel_pcie_io_pll: Downstream cascaded IOPLLs must have a high-bandwidth setting.
Warning: intel_pcie_rtile_mcdma_0.intel_pcie_io_pll: Able to implement PLL - Actual VCO frequency differs from requested setting
Info: intel_pcie_rtile_ast_hip.s10_configuration_clock_0: You are currently using Agilex 7 with device speedgrade: 
Info: platform_intel_pcie_rtile_mcdma_0: "Transforming system: platform_intel_pcie_rtile_mcdma_0"
Info: platform_intel_pcie_rtile_mcdma_0: "Naming system components in system: platform_intel_pcie_rtile_mcdma_0"
Info: platform_intel_pcie_rtile_mcdma_0: "Processing generation queue"
Info: platform_intel_pcie_rtile_mcdma_0: "Generating: platform_intel_pcie_rtile_mcdma_0"
Info: platform_intel_pcie_rtile_mcdma_0: "Generating: platform_intel_pcie_rtile_mcdma_0_intel_pcie_rtile_mcdma_531_ecgie4y"
Info: intel_pcie_rtile_ast_hip: "Generating: intel_pcie_rtile_ast_hip"
Info: intel_pcie_io_pll: "Generating: intel_pcie_io_pll"
Info: platform_intel_pcie_rtile_mcdma_0: "Generating: platform_intel_pcie_rtile_mcdma_0_intel_pcie_rtile_mcdma_intel_rtile_pcie_ast_531_dd33nhi"
Info: platform_intel_pcie_rtile_mcdma_0: "Generating: intel_pcie_io_pll"
Info: platform_intel_pcie_rtile_mcdma_0: "Generating: platform_intel_pcie_rtile_mcdma_0_intel_rtile_pcie_ast_1160_6xveyhi"
Info: intel_pcie_rtile_ast_hip: Two x8 PCIe ports will be instantiated.
Info: intel_pcie_rtile_ast_hip: PCIe0 pf0 IDs: Vendor ID set to 0x12ba. Please set proper value according to user application.
Info: intel_pcie_rtile_ast_hip: PCIe0 pf0 IDs: Device ID set to 0x76. Please set proper value according to user application.
Info: intel_pcie_rtile_ast_hip: PCIe0 pf0 IDs: Revision ID set to 0x1. Please set proper value according to user application.
Info: intel_pcie_rtile_ast_hip: PCIe0 pf0 IDs: Class code set to 0x120000. Please set proper value according to user application.
Info: intel_pcie_rtile_ast_hip: Two x8 PCIe ports will be instantiated.
Info: intel_pcie_rtile_ast_hip: PCIe1 pf0 IDs: Vendor ID set to 0x1172. Please set proper value according to user application.
Info: intel_pcie_rtile_ast_hip: PCIe1 pf0 IDs: Device ID set to 0x0. Please set proper value according to user application.
Info: intel_pcie_rtile_ast_hip: PCIe1 pf0 IDs: Revision ID set to 0x1. Please set proper value according to user application.
Info: intel_pcie_rtile_ast_hip: PCIe1 pf0 IDs: Class code set to 0xff0000. Please set proper value according to user application.
Info: intel_pcie_rtile_ast_hip: PCIe2 pf0 IDs: Vendor ID set to 0x1172. Please set proper value according to user application.
Info: intel_pcie_rtile_ast_hip: PCIe2 pf0 IDs: Device ID set to 0x0. Please set proper value according to user application.
Info: intel_pcie_rtile_ast_hip: PCIe2 pf0 IDs: Revision ID set to 0x1. Please set proper value according to user application.
Info: intel_pcie_rtile_ast_hip: PCIe2 pf0 IDs: Class code set to 0xff0000. Please set proper value according to user application.
Info: intel_pcie_rtile_ast_hip: PCIe3 pf0 IDs: Vendor ID set to 0x1172. Please set proper value according to user application.
Info: intel_pcie_rtile_ast_hip: PCIe3 pf0 IDs: Device ID set to 0x0. Please set proper value according to user application.
Info: intel_pcie_rtile_ast_hip: PCIe3 pf0 IDs: Revision ID set to 0x1. Please set proper value according to user application.
Info: intel_pcie_rtile_ast_hip: PCIe3 pf0 IDs: Class code set to 0xff0000. Please set proper value according to user application.
Info: intel_pcie_rtile_ast_hip: Two x8 PCIe ports will be instantiated.
Info: intel_pcie_rtile_ast_hip: PCIe0 pf0 IDs: Vendor ID set to 0x12ba. Please set proper value according to user application.
Info: intel_pcie_rtile_ast_hip: PCIe0 pf0 IDs: Device ID set to 0x76. Please set proper value according to user application.
Info: intel_pcie_rtile_ast_hip: PCIe0 pf0 IDs: Revision ID set to 0x1. Please set proper value according to user application.
Info: intel_pcie_rtile_ast_hip: PCIe0 pf0 IDs: Class code set to 0x120000. Please set proper value according to user application.
Info: intel_pcie_rtile_ast_hip: Two x8 PCIe ports will be instantiated.
Info: intel_pcie_rtile_ast_hip: PCIe1 pf0 IDs: Vendor ID set to 0x1172. Please set proper value according to user application.
Info: intel_pcie_rtile_ast_hip: PCIe1 pf0 IDs: Device ID set to 0x0. Please set proper value according to user application.
Info: intel_pcie_rtile_ast_hip: PCIe1 pf0 IDs: Revision ID set to 0x1. Please set proper value according to user application.
Info: intel_pcie_rtile_ast_hip: PCIe1 pf0 IDs: Class code set to 0xff0000. Please set proper value according to user application.
Info: intel_pcie_rtile_ast_hip: PCIe2 pf0 IDs: Vendor ID set to 0x1172. Please set proper value according to user application.
Info: intel_pcie_rtile_ast_hip: PCIe2 pf0 IDs: Device ID set to 0x0. Please set proper value according to user application.
Info: intel_pcie_rtile_ast_hip: PCIe2 pf0 IDs: Revision ID set to 0x1. Please set proper value according to user application.
Info: intel_pcie_rtile_ast_hip: PCIe2 pf0 IDs: Class code set to 0xff0000. Please set proper value according to user application.
Info: intel_pcie_rtile_ast_hip: PCIe3 pf0 IDs: Vendor ID set to 0x1172. Please set proper value according to user application.
Info: intel_pcie_rtile_ast_hip: PCIe3 pf0 IDs: Device ID set to 0x0. Please set proper value according to user application.
Info: intel_pcie_rtile_ast_hip: PCIe3 pf0 IDs: Revision ID set to 0x1. Please set proper value according to user application.
Info: intel_pcie_rtile_ast_hip: PCIe3 pf0 IDs: Class code set to 0xff0000. Please set proper value according to user application.
Info: intel_pcie_rtile_ast_hip: pld_clkfreq_hwtcl value is 400
Info: s10_configuration_clock_0: "Generating: s10_configuration_clock_0"
Info: platform_intel_pcie_rtile_mcdma_0: "Generating: platform_intel_pcie_rtile_mcdma_0_altera_iopll_2000_ukmylei"
Info: platform_intel_pcie_rtile_mcdma_0: "Generating: s10_configuration_clock_0"
Info: platform_intel_pcie_rtile_mcdma_0: "Generating: altera_s10_configuration_clock"
Info: s10_configuration_clock_0: Generating top-level entity altera_s10_configuration_clock.
Info: platform_intel_pcie_rtile_mcdma_0: Done "platform_intel_pcie_rtile_mcdma_0" with 8 modules, 452 files
Info: Finished: Create HDL design files for synthesis
