Info: Generated by version: 25.1 build 129
Info: Starting: Create HDL design files for synthesis
Info: qsys-generate /home/wjdtjarla4/CXL/github_test_code/quartus/shared/260213_1/ia860m_golden_top_bbrev4_260213_restored/qsys/ip/platform/platform_emif_io96b_hps_0.ip --synthesis=VERILOG --output-directory=/home/wjdtjarla4/CXL/github_test_code/quartus/shared/260213_1/ia860m_golden_top_bbrev4_260213_restored/qsys/ip/platform/platform_emif_io96b_hps_0 --family="Agilex 7" --part=AGMF039R47A1E2VC
Info: platform_emif_io96b_hps_0: "Transforming system: platform_emif_io96b_hps_0"
Info: platform_emif_io96b_hps_0: "Naming system components in system: platform_emif_io96b_hps_0"
Info: platform_emif_io96b_hps_0: "Processing generation queue"
Info: platform_emif_io96b_hps_0: "Generating: platform_emif_io96b_hps_0"
Info: platform_emif_io96b_hps_0: "Generating: platform_emif_io96b_hps_0_emif_io96b_hps_300_2mmae3q"
Info: emif_io96b_hps_0: generate_all_instances: qsys-generate platform_emif_io96b_hps_0_emif_io96b_hps_300_2mmae3q.qsys --synthesis=VERILOG --package-subsystem --generate-all-simulation-scripts --part=AGMF039R47A1E2VC --search-path=/home/wjdtjarla4/CXL/github_test_code/quartus/shared/260213_1/ia860m_golden_top_bbrev4_260213_restored/**/*,/tmp/alt0501_3312322345243274946.dir/0014_packageGeneration/**/*,$ --clear-output-directory
Info: emif_io96b_hps_0: generate_all_instances: ***************************************************************
Info: emif_io96b_hps_0: generate_all_instances: Quartus is a registered trademark of Intel Corporation in the
Info: emif_io96b_hps_0: generate_all_instances: US and other countries.  Portions of the Quartus Prime software
Info: emif_io96b_hps_0: generate_all_instances: code, and other portions of the code included in this download
Info: emif_io96b_hps_0: generate_all_instances: or on this DVD, are licensed to Intel Corporation and are the
Info: emif_io96b_hps_0: generate_all_instances: copyrighted property of third parties. For license details,
Info: emif_io96b_hps_0: generate_all_instances: refer to the End User License Agreement at
Info: emif_io96b_hps_0: generate_all_instances: http://fpgasoftware.intel.com/eula.
Info: emif_io96b_hps_0: generate_all_instances: ***************************************************************
Warning: emif_io96b_hps_0: generate_all_instances: 2026.02.17.22:20:42 Warning: Quartus project not specified. Use --quartus-project and --rev to specify a Quartus project and revision.
Info: emif_io96b_hps_0: generate_all_instances: 2026.02.17.22:20:46 Info: Parallel IP Generation is enabled. 
Info: emif_io96b_hps_0: generate_all_instances: 2026.02.17.22:20:46 Info: Platform Designer will attempt to use 4 processors for parallel IP generation based on available number of processors and the total number of IP to be generated.
Info: emif_io96b_hps_0: generate_all_instances: 2026.02.17.22:20:46 Info: 
Info: emif_io96b_hps_0: generate_all_instances: 2026.02.17.22:20:46 Info: Starting: Platform Designer system generation
Info: emif_io96b_hps_0: generate_all_instances: 2026.02.17.22:20:52 Info: 
Info: emif_io96b_hps_0: generate_all_instances: 2026.02.17.22:20:52 Info: Generating on localhost:39795
Warning: emif_io96b_hps_0: generate_all_instances: 2026.02.17.22:20:52 Warning: Quartus project not specified. Use --quartus-project and --rev to specify a Quartus project and revision.
Info: emif_io96b_hps_0: generate_all_instances: 2026.02.17.22:20:52 Info: Saving generation log to /tmp/alt0501_3312322345243274946.dir/0014_packageGeneration/ip/platform_emif_io96b_hps_0_emif_io96b_hps_300_2mmae3q/platform_emif_io96b_hps_0_emif_io96b_hps_300_2mmae3q_refclk_bridge/platform_emif_io96b_hps_0_emif_io96b_hps_300_2mmae3q_refclk_bridge_generation.rpt
Info: emif_io96b_hps_0: generate_all_instances: 2026.02.17.22:20:52 Info: Generated by version: 25.1 build 129
Info: emif_io96b_hps_0: generate_all_instances: 2026.02.17.22:20:52 Info: Starting: Create HDL design files for synthesis
Info: emif_io96b_hps_0: generate_all_instances: 2026.02.17.22:20:52 Info: qsys-generate /tmp/alt0501_3312322345243274946.dir/0014_packageGeneration/ip/platform_emif_io96b_hps_0_emif_io96b_hps_300_2mmae3q/platform_emif_io96b_hps_0_emif_io96b_hps_300_2mmae3q_refclk_bridge.ip --synthesis=VERILOG --output-directory=/tmp/alt0501_3312322345243274946.dir/0014_packageGeneration/ip/platform_emif_io96b_hps_0_emif_io96b_hps_300_2mmae3q/platform_emif_io96b_hps_0_emif_io96b_hps_300_2mmae3q_refclk_bridge --family="Agilex 7" --part=AGMF039R47A1E2VC
Info: emif_io96b_hps_0: generate_all_instances: 2026.02.17.22:20:52 Info: platform_emif_io96b_hps_0_emif_io96b_hps_300_2mmae3q_refclk_bridge: "Transforming system: platform_emif_io96b_hps_0_emif_io96b_hps_300_2mmae3q_refclk_bridge"
Info: emif_io96b_hps_0: generate_all_instances: 2026.02.17.22:20:52 Info: platform_emif_io96b_hps_0_emif_io96b_hps_300_2mmae3q_refclk_bridge: "Naming system components in system: platform_emif_io96b_hps_0_emif_io96b_hps_300_2mmae3q_refclk_bridge"
Info: emif_io96b_hps_0: generate_all_instances: 2026.02.17.22:20:52 Info: platform_emif_io96b_hps_0_emif_io96b_hps_300_2mmae3q_refclk_bridge: "Processing generation queue"
Info: emif_io96b_hps_0: generate_all_instances: 2026.02.17.22:20:52 Info: platform_emif_io96b_hps_0_emif_io96b_hps_300_2mmae3q_refclk_bridge: "Generating: platform_emif_io96b_hps_0_emif_io96b_hps_300_2mmae3q_refclk_bridge"
Info: emif_io96b_hps_0: generate_all_instances: 2026.02.17.22:20:52 Info: platform_emif_io96b_hps_0_emif_io96b_hps_300_2mmae3q_refclk_bridge: "Generating: platform_emif_io96b_hps_0_emif_io96b_hps_300_2mmae3q_refclk_bridge_qsys_interface_bridge_10_tos2vpi"
Info: emif_io96b_hps_0: generate_all_instances: 2026.02.17.22:20:52 Info: platform_emif_io96b_hps_0_emif_io96b_hps_300_2mmae3q_refclk_bridge: Done "platform_emif_io96b_hps_0_emif_io96b_hps_300_2mmae3q_refclk_bridge" with 2 modules, 2 files
Info: emif_io96b_hps_0: generate_all_instances: 2026.02.17.22:20:52 Info: Finished: Create HDL design files for synthesis
Info: emif_io96b_hps_0: generate_all_instances: 2026.02.17.22:20:52 Info: Generation of /tmp/alt0501_3312322345243274946.dir/0014_packageGeneration/ip/platform_emif_io96b_hps_0_emif_io96b_hps_300_2mmae3q/platform_emif_io96b_hps_0_emif_io96b_hps_300_2mmae3q_refclk_bridge.ip (platform_emif_io96b_hps_0_emif_io96b_hps_300_2mmae3q_refclk_bridge) took 248 ms
Info: emif_io96b_hps_0: generate_all_instances: 2026.02.17.22:20:53 Info: 
Info: emif_io96b_hps_0: generate_all_instances: 2026.02.17.22:20:53 Info: Generating on localhost:43375
Warning: emif_io96b_hps_0: generate_all_instances: 2026.02.17.22:20:53 Warning: Quartus project not specified. Use --quartus-project and --rev to specify a Quartus project and revision.
Info: emif_io96b_hps_0: generate_all_instances: 2026.02.17.22:20:53 Info: Saving generation log to /tmp/alt0501_3312322345243274946.dir/0014_packageGeneration/ip/platform_emif_io96b_hps_0_emif_io96b_hps_300_2mmae3q/platform_emif_io96b_hps_0_emif_io96b_hps_300_2mmae3q_refclk_gpio/platform_emif_io96b_hps_0_emif_io96b_hps_300_2mmae3q_refclk_gpio_generation.rpt
Info: emif_io96b_hps_0: generate_all_instances: 2026.02.17.22:20:53 Info: Generated by version: 25.1 build 129
Info: emif_io96b_hps_0: generate_all_instances: 2026.02.17.22:20:53 Info: Starting: Create HDL design files for synthesis
Info: emif_io96b_hps_0: generate_all_instances: 2026.02.17.22:20:53 Info: qsys-generate /tmp/alt0501_3312322345243274946.dir/0014_packageGeneration/ip/platform_emif_io96b_hps_0_emif_io96b_hps_300_2mmae3q/platform_emif_io96b_hps_0_emif_io96b_hps_300_2mmae3q_refclk_gpio.ip --synthesis=VERILOG --output-directory=/tmp/alt0501_3312322345243274946.dir/0014_packageGeneration/ip/platform_emif_io96b_hps_0_emif_io96b_hps_300_2mmae3q/platform_emif_io96b_hps_0_emif_io96b_hps_300_2mmae3q_refclk_gpio --family="Agilex 7" --part=AGMF039R47A1E2VC
Info: emif_io96b_hps_0: generate_all_instances: 2026.02.17.22:20:53 Info: platform_emif_io96b_hps_0_emif_io96b_hps_300_2mmae3q_refclk_gpio.refclk_gpio: GPIO supports a maximum interface frequency of 250 MHZ.
Info: emif_io96b_hps_0: generate_all_instances: 2026.02.17.22:20:53 Info: platform_emif_io96b_hps_0_emif_io96b_hps_300_2mmae3q_refclk_gpio: "Transforming system: platform_emif_io96b_hps_0_emif_io96b_hps_300_2mmae3q_refclk_gpio"
Info: emif_io96b_hps_0: generate_all_instances: 2026.02.17.22:20:53 Info: platform_emif_io96b_hps_0_emif_io96b_hps_300_2mmae3q_refclk_gpio: "Naming system components in system: platform_emif_io96b_hps_0_emif_io96b_hps_300_2mmae3q_refclk_gpio"
Info: emif_io96b_hps_0: generate_all_instances: 2026.02.17.22:20:53 Info: platform_emif_io96b_hps_0_emif_io96b_hps_300_2mmae3q_refclk_gpio: "Processing generation queue"
Info: emif_io96b_hps_0: generate_all_instances: 2026.02.17.22:20:53 Info: platform_emif_io96b_hps_0_emif_io96b_hps_300_2mmae3q_refclk_gpio: "Generating: platform_emif_io96b_hps_0_emif_io96b_hps_300_2mmae3q_refclk_gpio"
Info: emif_io96b_hps_0: generate_all_instances: 2026.02.17.22:20:53 Info: platform_emif_io96b_hps_0_emif_io96b_hps_300_2mmae3q_refclk_gpio: "Generating: platform_emif_io96b_hps_0_emif_io96b_hps_300_2mmae3q_refclk_gpio_altera_gpio_2300_klrwjgi"
Info: emif_io96b_hps_0: generate_all_instances: 2026.02.17.22:20:53 Info: platform_emif_io96b_hps_0_emif_io96b_hps_300_2mmae3q_refclk_gpio: "Generating: altera_gpio"
Info: emif_io96b_hps_0: generate_all_instances: 2026.02.17.22:20:53 Info: platform_emif_io96b_hps_0_emif_io96b_hps_300_2mmae3q_refclk_gpio: Done "platform_emif_io96b_hps_0_emif_io96b_hps_300_2mmae3q_refclk_gpio" with 3 modules, 3 files
Info: emif_io96b_hps_0: generate_all_instances: 2026.02.17.22:20:53 Info: Finished: Create HDL design files for synthesis
Info: emif_io96b_hps_0: generate_all_instances: 2026.02.17.22:20:53 Info: Generation of /tmp/alt0501_3312322345243274946.dir/0014_packageGeneration/ip/platform_emif_io96b_hps_0_emif_io96b_hps_300_2mmae3q/platform_emif_io96b_hps_0_emif_io96b_hps_300_2mmae3q_refclk_gpio.ip (platform_emif_io96b_hps_0_emif_io96b_hps_300_2mmae3q_refclk_gpio) took 336 ms
Info: emif_io96b_hps_0: generate_all_instances: 2026.02.17.22:20:53 Info: 
Info: emif_io96b_hps_0: generate_all_instances: 2026.02.17.22:20:53 Info: Generating on localhost:46415
Warning: emif_io96b_hps_0: generate_all_instances: 2026.02.17.22:20:53 Warning: Quartus project not specified. Use --quartus-project and --rev to specify a Quartus project and revision.
Info: emif_io96b_hps_0: generate_all_instances: 2026.02.17.22:20:53 Info: platform_emif_io96b_hps_0_emif_io96b_hps_300_2mmae3q: All Generic Component instances match their respective ip files.
Info: emif_io96b_hps_0: generate_all_instances: 2026.02.17.22:20:53 Info: Saving generation log to /tmp/alt0501_3312322345243274946.dir/0014_packageGeneration/platform_emif_io96b_hps_0_emif_io96b_hps_300_2mmae3q/platform_emif_io96b_hps_0_emif_io96b_hps_300_2mmae3q_generation.rpt
Info: emif_io96b_hps_0: generate_all_instances: 2026.02.17.22:20:53 Info: Generated by version: 25.1 build 129
Info: emif_io96b_hps_0: generate_all_instances: 2026.02.17.22:20:53 Info: Starting: Create HDL design files for synthesis
Info: emif_io96b_hps_0: generate_all_instances: 2026.02.17.22:20:53 Info: qsys-generate /tmp/alt0501_3312322345243274946.dir/0014_packageGeneration/platform_emif_io96b_hps_0_emif_io96b_hps_300_2mmae3q.qsys --synthesis=VERILOG --output-directory=/tmp/alt0501_3312322345243274946.dir/0014_packageGeneration/platform_emif_io96b_hps_0_emif_io96b_hps_300_2mmae3q --family="Agilex 7" --part=AGMF039R47A1E2VC
Info: emif_io96b_hps_0: generate_all_instances: 2026.02.17.22:20:53 Info: Loading 0014_packageGeneration/platform_emif_io96b_hps_0_emif_io96b_hps_300_2mmae3q.qsys
Info: emif_io96b_hps_0: generate_all_instances: 2026.02.17.22:20:53 Info: Reading input file
Info: emif_io96b_hps_0: generate_all_instances: 2026.02.17.22:20:53 Info: Parameterizing module emif_0_ddr4comp
Info: emif_io96b_hps_0: generate_all_instances: 2026.02.17.22:20:53 Info: Parameterizing module emif_0_ddr5comp
Info: emif_io96b_hps_0: generate_all_instances: 2026.02.17.22:20:53 Info: Parameterizing module emif_0_ddr5dimm
Info: emif_io96b_hps_0: generate_all_instances: 2026.02.17.22:20:53 Info: Parameterizing module emif_0_lpddr4
Info: emif_io96b_hps_0: generate_all_instances: 2026.02.17.22:20:53 Info: Parameterizing module emif_0_lpddr5
Info: emif_io96b_hps_0: generate_all_instances: 2026.02.17.22:20:53 Info: Parameterizing module emif_1_ddr4comp
Info: emif_io96b_hps_0: generate_all_instances: 2026.02.17.22:20:53 Info: Parameterizing module emif_1_ddr5comp
Info: emif_io96b_hps_0: generate_all_instances: 2026.02.17.22:20:53 Info: Parameterizing module emif_1_ddr5dimm
Info: emif_io96b_hps_0: generate_all_instances: 2026.02.17.22:20:53 Info: Parameterizing module emif_1_lpddr4
Info: emif_io96b_hps_0: generate_all_instances: 2026.02.17.22:20:53 Info: Parameterizing module emif_1_lpddr5
Info: emif_io96b_hps_0: generate_all_instances: 2026.02.17.22:20:53 Info: Parameterizing module refclk_bridge
Info: emif_io96b_hps_0: generate_all_instances: 2026.02.17.22:20:53 Info: Parameterizing module refclk_gpio
Info: emif_io96b_hps_0: generate_all_instances: 2026.02.17.22:20:53 Info: Building connections
Info: emif_io96b_hps_0: generate_all_instances: 2026.02.17.22:20:53 Info: Parameterizing connections
Info: emif_io96b_hps_0: generate_all_instances: 2026.02.17.22:20:53 Info: Validating
Info: emif_io96b_hps_0: generate_all_instances: 2026.02.17.22:20:53 Info: Done reading input file
Info: emif_io96b_hps_0: generate_all_instances: 2026.02.17.22:20:53 Info: platform_emif_io96b_hps_0_emif_io96b_hps_300_2mmae3q: "Transforming system: platform_emif_io96b_hps_0_emif_io96b_hps_300_2mmae3q"
Info: emif_io96b_hps_0: generate_all_instances: 2026.02.17.22:20:53 Info: platform_emif_io96b_hps_0_emif_io96b_hps_300_2mmae3q: "Naming system components in system: platform_emif_io96b_hps_0_emif_io96b_hps_300_2mmae3q"
Info: emif_io96b_hps_0: generate_all_instances: 2026.02.17.22:20:53 Info: platform_emif_io96b_hps_0_emif_io96b_hps_300_2mmae3q: "Processing generation queue"
Info: emif_io96b_hps_0: generate_all_instances: 2026.02.17.22:20:53 Info: platform_emif_io96b_hps_0_emif_io96b_hps_300_2mmae3q: "Generating: platform_emif_io96b_hps_0_emif_io96b_hps_300_2mmae3q"
Info: emif_io96b_hps_0: generate_all_instances: 2026.02.17.22:20:53 Info: platform_emif_io96b_hps_0_emif_io96b_hps_300_2mmae3q: "Generating: platform_emif_io96b_hps_0_emif_io96b_hps_300_2mmae3q_emif_0_ddr4comp"
Info: emif_io96b_hps_0: generate_all_instances: 2026.02.17.22:20:53 Info: platform_emif_io96b_hps_0_emif_io96b_hps_300_2mmae3q: "Generating: platform_emif_io96b_hps_0_emif_io96b_hps_300_2mmae3q_refclk_bridge"
Info: emif_io96b_hps_0: generate_all_instances: 2026.02.17.22:20:53 Info: platform_emif_io96b_hps_0_emif_io96b_hps_300_2mmae3q: "Generating: platform_emif_io96b_hps_0_emif_io96b_hps_300_2mmae3q_refclk_gpio"
Info: emif_io96b_hps_0: generate_all_instances: 2026.02.17.22:20:53 Info: platform_emif_io96b_hps_0_emif_io96b_hps_300_2mmae3q: Done "platform_emif_io96b_hps_0_emif_io96b_hps_300_2mmae3q" with 4 modules, 1 files
Info: emif_io96b_hps_0: generate_all_instances: 2026.02.17.22:20:53 Info: Finished: Create HDL design files for synthesis
Info: emif_io96b_hps_0: generate_all_instances: 2026.02.17.22:20:53 Info: Generation of /tmp/alt0501_3312322345243274946.dir/0014_packageGeneration/platform_emif_io96b_hps_0_emif_io96b_hps_300_2mmae3q.qsys (platform_emif_io96b_hps_0_emif_io96b_hps_300_2mmae3q) took 916 ms
Info: emif_io96b_hps_0: generate_all_instances: 2026.02.17.22:20:58 Info: 
Info: emif_io96b_hps_0: generate_all_instances: 2026.02.17.22:20:58 Info: Generating on localhost:39719
Warning: emif_io96b_hps_0: generate_all_instances: 2026.02.17.22:20:58 Warning: Quartus project not specified. Use --quartus-project and --rev to specify a Quartus project and revision.
Info: emif_io96b_hps_0: generate_all_instances: 2026.02.17.22:20:58 Info: Saving generation log to /tmp/alt0501_3312322345243274946.dir/0014_packageGeneration/ip/platform_emif_io96b_hps_0_emif_io96b_hps_300_2mmae3q/platform_emif_io96b_hps_0_emif_io96b_hps_300_2mmae3q_emif_0_ddr4comp/platform_emif_io96b_hps_0_emif_io96b_hps_300_2mmae3q_emif_0_ddr4comp_generation.rpt
Info: emif_io96b_hps_0: generate_all_instances: 2026.02.17.22:20:58 Info: Generated by version: 25.1 build 129
Info: emif_io96b_hps_0: generate_all_instances: 2026.02.17.22:20:58 Info: Starting: Create HDL design files for synthesis
Info: emif_io96b_hps_0: generate_all_instances: 2026.02.17.22:20:58 Info: qsys-generate /tmp/alt0501_3312322345243274946.dir/0014_packageGeneration/ip/platform_emif_io96b_hps_0_emif_io96b_hps_300_2mmae3q/platform_emif_io96b_hps_0_emif_io96b_hps_300_2mmae3q_emif_0_ddr4comp.ip --synthesis=VERILOG --output-directory=/tmp/alt0501_3312322345243274946.dir/0014_packageGeneration/ip/platform_emif_io96b_hps_0_emif_io96b_hps_300_2mmae3q/platform_emif_io96b_hps_0_emif_io96b_hps_300_2mmae3q_emif_0_ddr4comp --family="Agilex 7" --part=AGMF039R47A1E2VC
Info: emif_io96b_hps_0: generate_all_instances: 2026.02.17.22:20:58 Info: platform_emif_io96b_hps_0_emif_io96b_hps_300_2mmae3q_emif_0_ddr4comp.emif_0_ddr4comp: Configuring this IP for device AGMF039R47A1E2VC (Agilex 7). This device has speedgrade 2.
Info: emif_io96b_hps_0: generate_all_instances: 2026.02.17.22:20:58 Info: platform_emif_io96b_hps_0_emif_io96b_hps_300_2mmae3q_emif_0_ddr4comp: "Transforming system: platform_emif_io96b_hps_0_emif_io96b_hps_300_2mmae3q_emif_0_ddr4comp"
Info: emif_io96b_hps_0: generate_all_instances: 2026.02.17.22:20:58 Info: platform_emif_io96b_hps_0_emif_io96b_hps_300_2mmae3q_emif_0_ddr4comp: "Naming system components in system: platform_emif_io96b_hps_0_emif_io96b_hps_300_2mmae3q_emif_0_ddr4comp"
Info: emif_io96b_hps_0: generate_all_instances: 2026.02.17.22:20:58 Info: platform_emif_io96b_hps_0_emif_io96b_hps_300_2mmae3q_emif_0_ddr4comp: "Processing generation queue"
Info: emif_io96b_hps_0: generate_all_instances: 2026.02.17.22:20:58 Info: platform_emif_io96b_hps_0_emif_io96b_hps_300_2mmae3q_emif_0_ddr4comp: "Generating: platform_emif_io96b_hps_0_emif_io96b_hps_300_2mmae3q_emif_0_ddr4comp"
Info: emif_io96b_hps_0: generate_all_instances: 2026.02.17.22:20:58 Info: platform_emif_io96b_hps_0_emif_io96b_hps_300_2mmae3q_emif_0_ddr4comp: "Generating: platform_emif_io96b_hps_0_emif_io96b_hps_300_2mmae3q_emif_0_ddr4comp_emif_io96b_ddr4comp_300_6qkk7yq"
Info: emif_io96b_hps_0: generate_all_instances: 2026.02.17.22:20:58 Info: cal_0: "Generating: cal_0"
Info: emif_io96b_hps_0: generate_all_instances: 2026.02.17.22:20:58 Info: tniu_0: "Generating: tniu_0"
Info: emif_io96b_hps_0: generate_all_instances: 2026.02.17.22:20:58 Info: platform_emif_io96b_hps_0_emif_io96b_hps_300_2mmae3q_emif_0_ddr4comp: "Generating: platform_emif_io96b_hps_0_emif_io96b_hps_300_2mmae3q_emif_0_ddr4comp_emif_io96b_ddr4comp_emif_io96b_cal_300_fhai33y"
Info: emif_io96b_hps_0: generate_all_instances: 2026.02.17.22:20:58 Info: platform_emif_io96b_hps_0_emif_io96b_hps_300_2mmae3q_emif_0_ddr4comp: "Generating: platform_emif_io96b_hps_0_emif_io96b_hps_300_2mmae3q_emif_0_ddr4comp_emif_io96b_ddr4comp_intel_noc_target_300_rnk7l6i"
Info: emif_io96b_hps_0: generate_all_instances: 2026.02.17.22:20:58 Info: platform_emif_io96b_hps_0_emif_io96b_hps_300_2mmae3q_emif_0_ddr4comp: "Generating: platform_emif_io96b_hps_0_emif_io96b_hps_300_2mmae3q_emif_0_ddr4comp_emif_io96b_cal_210_su4t3my"
Info: emif_io96b_hps_0: generate_all_instances: 2026.02.17.22:20:58 Info: jamb: "Generating: jamb"
Info: emif_io96b_hps_0: generate_all_instances: 2026.02.17.22:20:58 Info: tniu: "Generating: tniu"
Info: emif_io96b_hps_0: generate_all_instances: 2026.02.17.22:20:58 Info: platform_emif_io96b_hps_0_emif_io96b_hps_300_2mmae3q_emif_0_ddr4comp: "Generating: platform_emif_io96b_hps_0_emif_io96b_hps_300_2mmae3q_emif_0_ddr4comp_intel_noc_target_210_hubzqoq"
Info: emif_io96b_hps_0: generate_all_instances: 2026.02.17.22:20:58 Info: platform_emif_io96b_hps_0_emif_io96b_hps_300_2mmae3q_emif_0_ddr4comp: "Generating: platform_emif_io96b_hps_0_emif_io96b_hps_300_2mmae3q_emif_0_ddr4comp_emif_io96b_cal_alt_mem_if_jtag_master_210_h4mpocy"
Info: emif_io96b_hps_0: generate_all_instances: 2026.02.17.22:20:58 Info: platform_emif_io96b_hps_0_emif_io96b_hps_300_2mmae3q_emif_0_ddr4comp: "Generating: platform_emif_io96b_hps_0_emif_io96b_hps_300_2mmae3q_emif_0_ddr4comp_emif_io96b_cal_intel_noc_target_210_7v5e3qy"
Info: emif_io96b_hps_0: generate_all_instances: 2026.02.17.22:20:58 Info: platform_emif_io96b_hps_0_emif_io96b_hps_300_2mmae3q_emif_0_ddr4comp: "Generating: platform_emif_io96b_hps_0_emif_io96b_hps_300_2mmae3q_emif_0_ddr4comp_alt_mem_if_jtag_master_191_2xbfrbi"
Info: emif_io96b_hps_0: generate_all_instances: 2026.02.17.22:20:58 Info: platform_emif_io96b_hps_0_emif_io96b_hps_300_2mmae3q_emif_0_ddr4comp: "Generating: platform_emif_io96b_hps_0_emif_io96b_hps_300_2mmae3q_emif_0_ddr4comp_intel_noc_target_210_dahi33y"
Info: emif_io96b_hps_0: generate_all_instances: 2026.02.17.22:20:58 Info: platform_emif_io96b_hps_0_emif_io96b_hps_300_2mmae3q_emif_0_ddr4comp: "Generating: altera_avalon_st_jtag_interface"
Info: emif_io96b_hps_0: generate_all_instances: 2026.02.17.22:20:58 Info: platform_emif_io96b_hps_0_emif_io96b_hps_300_2mmae3q_emif_0_ddr4comp: "Generating: platform_emif_io96b_hps_0_emif_io96b_hps_300_2mmae3q_emif_0_ddr4comp_timing_adapter_1950_bbjt6kq"
Info: emif_io96b_hps_0: generate_all_instances: 2026.02.17.22:20:58 Info: platform_emif_io96b_hps_0_emif_io96b_hps_300_2mmae3q_emif_0_ddr4comp: "Generating: platform_emif_io96b_hps_0_emif_io96b_hps_300_2mmae3q_emif_0_ddr4comp_altera_avalon_sc_fifo_1932_onpcouq"
Info: emif_io96b_hps_0: generate_all_instances: 2026.02.17.22:20:58 Info: platform_emif_io96b_hps_0_emif_io96b_hps_300_2mmae3q_emif_0_ddr4comp: "Generating: altera_avalon_st_bytes_to_packets"
Info: emif_io96b_hps_0: generate_all_instances: 2026.02.17.22:20:58 Info: platform_emif_io96b_hps_0_emif_io96b_hps_300_2mmae3q_emif_0_ddr4comp: "Generating: altera_avalon_st_packets_to_bytes"
Info: emif_io96b_hps_0: generate_all_instances: 2026.02.17.22:20:58 Info: platform_emif_io96b_hps_0_emif_io96b_hps_300_2mmae3q_emif_0_ddr4comp: "Generating: altera_avalon_packets_to_master"
Info: emif_io96b_hps_0: generate_all_instances: 2026.02.17.22:20:58 Info: platform_emif_io96b_hps_0_emif_io96b_hps_300_2mmae3q_emif_0_ddr4comp: "Generating: platform_emif_io96b_hps_0_emif_io96b_hps_300_2mmae3q_emif_0_ddr4comp_channel_adapter_1922_rd56ufy"
Info: emif_io96b_hps_0: generate_all_instances: 2026.02.17.22:20:58 Info: platform_emif_io96b_hps_0_emif_io96b_hps_300_2mmae3q_emif_0_ddr4comp: "Generating: platform_emif_io96b_hps_0_emif_io96b_hps_300_2mmae3q_emif_0_ddr4comp_channel_adapter_1922_5vp3d5a"
Info: emif_io96b_hps_0: generate_all_instances: 2026.02.17.22:20:58 Info: platform_emif_io96b_hps_0_emif_io96b_hps_300_2mmae3q_emif_0_ddr4comp: "Generating: altera_reset_controller"
Info: emif_io96b_hps_0: generate_all_instances: 2026.02.17.22:20:58 Info: platform_emif_io96b_hps_0_emif_io96b_hps_300_2mmae3q_emif_0_ddr4comp: Done "platform_emif_io96b_hps_0_emif_io96b_hps_300_2mmae3q_emif_0_ddr4comp" with 19 modules, 166 files
Info: emif_io96b_hps_0: generate_all_instances: 2026.02.17.22:20:58 Info: Finished: Create HDL design files for synthesis
Info: emif_io96b_hps_0: generate_all_instances: 2026.02.17.22:20:58 Info: Generation of /tmp/alt0501_3312322345243274946.dir/0014_packageGeneration/ip/platform_emif_io96b_hps_0_emif_io96b_hps_300_2mmae3q/platform_emif_io96b_hps_0_emif_io96b_hps_300_2mmae3q_emif_0_ddr4comp.ip (platform_emif_io96b_hps_0_emif_io96b_hps_300_2mmae3q_emif_0_ddr4comp) took 2489 ms
Info: emif_io96b_hps_0: generate_all_instances: 2026.02.17.22:20:58 Info: Finished: Platform Designer system generation
Info: platform_emif_io96b_hps_0: Done "platform_emif_io96b_hps_0" with 2 modules, 9 files
Info: Finished: Create HDL design files for synthesis
